<?xml version="1.0" encoding="UTF-8"?>
<testsuite xmlns:xsi="http://www.w3.org/2001/XMLSchema-instance" xsi:noNamespaceSchemaLocation="https://maven.apache.org/surefire/maven-surefire-plugin/xsd/surefire-test-report-3.0.xsd" version="3.0" name="org.vimtest.math.TestMath" time="0" tests="3" errors="0" skipped="0" failures="0">
  <properties>
    <property name="java.specification.version" value="17"/>
    <property name="sun.jnu.encoding" value="UTF-8"/>
    <property name="java.class.path" value="/Users/giuseppemp/Workspace/oss/vim-test/spec/fixtures/maven/sample_maven_junit3_multimodule_project/sample_module2/target/test-classes:/Users/giuseppemp/Workspace/oss/vim-test/spec/fixtures/maven/sample_maven_junit3_multimodule_project/sample_module2/target/classes:/Users/giuseppemp/.m2/repository/junit/junit/3.8.1/junit-3.8.1.jar:"/>
    <property name="java.vm.vendor" value="Amazon.com Inc."/>
    <property name="sun.arch.data.model" value="64"/>
    <property name="java.vendor.url" value="https://aws.amazon.com/corretto/"/>
    <property name="os.name" value="Mac OS X"/>
    <property name="java.vm.specification.version" value="17"/>
    <property name="sun.java.launcher" value="SUN_STANDARD"/>
    <property name="user.country" value="BR"/>
    <property name="sun.boot.library.path" value="/Users/giuseppemp/.asdf/installs/java/corretto-17.0.4.9.1/lib"/>
    <property name="sun.java.command" value="/Users/giuseppemp/Workspace/oss/vim-test/spec/fixtures/maven/sample_maven_junit3_multimodule_project/sample_module2/target/surefire/surefirebooter-20230705160744117_6.jar /Users/giuseppemp/Workspace/oss/vim-test/spec/fixtures/maven/sample_maven_junit3_multimodule_project/sample_module2/target/surefire 2023-07-05T16-07-43_276-jvmRun1 surefire-20230705160744117_4tmp surefire_1-20230705160744117_5tmp"/>
    <property name="http.nonProxyHosts" value="local|*.local|169.254/16|*.169.254/16"/>
    <property name="jdk.debug" value="release"/>
    <property name="surefire.test.class.path" value="/Users/giuseppemp/Workspace/oss/vim-test/spec/fixtures/maven/sample_maven_junit3_multimodule_project/sample_module2/target/test-classes:/Users/giuseppemp/Workspace/oss/vim-test/spec/fixtures/maven/sample_maven_junit3_multimodule_project/sample_module2/target/classes:/Users/giuseppemp/.m2/repository/junit/junit/3.8.1/junit-3.8.1.jar:"/>
    <property name="sun.cpu.endian" value="little"/>
    <property name="user.home" value="/Users/giuseppemp"/>
    <property name="user.language" value="en"/>
    <property name="java.specification.vendor" value="Oracle Corporation"/>
    <property name="java.version.date" value="2022-08-12"/>
    <property name="java.home" value="/Users/giuseppemp/.asdf/installs/java/corretto-17.0.4.9.1"/>
    <property name="file.separator" value="/"/>
    <property name="basedir" value="/Users/giuseppemp/Workspace/oss/vim-test/spec/fixtures/maven/sample_maven_junit3_multimodule_project/sample_module2"/>
    <property name="java.vm.compressedOopsMode" value="Zero based"/>
    <property name="line.separator" value="&#10;"/>
    <property name="java.specification.name" value="Java Platform API Specification"/>
    <property name="java.vm.specification.vendor" value="Oracle Corporation"/>
    <property name="surefire.real.class.path" value="/Users/giuseppemp/Workspace/oss/vim-test/spec/fixtures/maven/sample_maven_junit3_multimodule_project/sample_module2/target/surefire/surefirebooter-20230705160744117_6.jar"/>
    <property name="sun.management.compiler" value="HotSpot 64-Bit Tiered Compilers"/>
    <property name="ftp.nonProxyHosts" value="local|*.local|169.254/16|*.169.254/16"/>
    <property name="java.runtime.version" value="17.0.4.1+9-LTS"/>
    <property name="user.name" value="giuseppemp"/>
    <property name="path.separator" value=":"/>
    <property name="os.version" value="13.4.1"/>
    <property name="java.runtime.name" value="OpenJDK Runtime Environment"/>
    <property name="file.encoding" value="UTF-8"/>
    <property name="java.vm.name" value="OpenJDK 64-Bit Server VM"/>
    <property name="java.vendor.version" value="Corretto-17.0.4.9.1"/>
    <property name="localRepository" value="/Users/giuseppemp/.m2/repository"/>
    <property name="java.vendor.url.bug" value="https://github.com/corretto/corretto-17/issues/"/>
    <property name="java.io.tmpdir" value="/var/folders/ph/z7shrcl14b1cr4gnck79msxw0000gn/T/"/>
    <property name="java.version" value="17.0.4.1"/>
    <property name="user.dir" value="/Users/giuseppemp/Workspace/oss/vim-test/spec/fixtures/maven/sample_maven_junit3_multimodule_project/sample_module2"/>
    <property name="os.arch" value="x86_64"/>
    <property name="java.vm.specification.name" value="Java Virtual Machine Specification"/>
    <property name="native.encoding" value="UTF-8"/>
    <property name="java.library.path" value="/Users/giuseppemp/Library/Java/Extensions:/Library/Java/Extensions:/Network/Library/Java/Extensions:/System/Library/Java/Extensions:/usr/lib/java:."/>
    <property name="java.vm.info" value="mixed mode, sharing"/>
    <property name="java.vendor" value="Amazon.com Inc."/>
    <property name="java.vm.version" value="17.0.4.1+9-LTS"/>
    <property name="sun.io.unicode.encoding" value="UnicodeBig"/>
    <property name="socksNonProxyHosts" value="local|*.local|169.254/16|*.169.254/16"/>
    <property name="java.class.version" value="61.0"/>
  </properties>
  <testcase name="testFailedAdd" classname="org.vimtest.math.TestMath" time="0"/>
  <testcase name="testAdd" classname="org.vimtest.math.TestMath" time="0"/>
  <testcase name="testSub" classname="org.vimtest.math.TestMath" time="0"/>
</testsuite>